launcher/build/intermediates/manifest_merge_blame_file/release/manifest-merger-blame-release-report.txt
1<?xml version="1.0" encoding="utf-8"?>
2<manifest xmlns:android="http://schemas.android.com/apk/res/android"
3    package="com.unity.vrtemplate"
4    android:installLocation="auto"
5    android:versionCode="1"
6    android:versionName="1.9" >
7
8    <uses-sdk
9        android:minSdkVersion="29"
9-->src/main/AndroidManifest.xml
10        android:targetSdkVersion="34" />
10-->src/main/AndroidManifest.xml
11
12    <supports-screens
12-->src/main/AndroidManifest.xml:5:3-163
13        android:anyDensity="true"
13-->src/main/AndroidManifest.xml:5:135-160
14        android:largeScreens="true"
14-->src/main/AndroidManifest.xml:5:78-105
15        android:normalScreens="true"
15-->src/main/AndroidManifest.xml:5:49-77
16        android:smallScreens="true"
16-->src/main/AndroidManifest.xml:5:21-48
17        android:xlargeScreens="true" />
17-->src/main/AndroidManifest.xml:5:106-134
18
19    <uses-permission android:name="android.permission.INTERNET" />
19-->[:unityLibrary] AndroidManifest.xml:9:5-67
19-->[:unityLibrary] AndroidManifest.xml:9:22-64
20
21    <uses-feature
21-->[:unityLibrary] AndroidManifest.xml:11:5-14:31
22        android:name="android.hardware.vr.headtracking"
22-->[:unityLibrary] AndroidManifest.xml:12:9-56
23        android:required="true"
23-->[:unityLibrary] AndroidManifest.xml:13:9-32
24        android:version="1" />
24-->[:unityLibrary] AndroidManifest.xml:14:9-28
25    <uses-feature
25-->[:unityLibrary] AndroidManifest.xml:15:5-17:35
26        android:name="android.hardware.vulkan.version"
26-->[:unityLibrary] AndroidManifest.xml:16:9-55
27        android:required="true" />
27-->[:unityLibrary] AndroidManifest.xml:17:9-32
28    <uses-feature
28-->[:unityLibrary] AndroidManifest.xml:18:5-20:35
29        android:name="android.software.home_screen"
29-->[:unityLibrary] AndroidManifest.xml:19:9-52
30        android:required="true" />
30-->[:unityLibrary] AndroidManifest.xml:20:9-32
31    <uses-feature
31-->[:unityLibrary] AndroidManifest.xml:21:5-23:36
32        android:name="android.hardware.touchscreen"
32-->[:unityLibrary] AndroidManifest.xml:22:9-52
33        android:required="false" />
33-->[:unityLibrary] AndroidManifest.xml:23:9-33
34    <uses-feature
34-->[:unityLibrary] AndroidManifest.xml:24:5-26:36
35        android:name="android.hardware.touchscreen.multitouch"
35-->[:unityLibrary] AndroidManifest.xml:25:9-63
36        android:required="false" />
36-->[:unityLibrary] AndroidManifest.xml:26:9-33
37    <uses-feature
37-->[:unityLibrary] AndroidManifest.xml:27:5-29:36
38        android:name="android.hardware.touchscreen.multitouch.distinct"
38-->[:unityLibrary] AndroidManifest.xml:28:9-72
39        android:required="false" />
39-->[:unityLibrary] AndroidManifest.xml:29:9-33
40
41    <uses-permission android:name="android.permission.WRITE_EXTERNAL_STORAGE" />
42    <uses-permission android:name="android.permission.READ_PHONE_STATE" />
43    <uses-permission android:name="android.permission.READ_EXTERNAL_STORAGE" />
44
45    <application
45-->src/main/AndroidManifest.xml:4:3-83
46        android:allowBackup="false"
46-->[:unityLibrary] AndroidManifest.xml:32:9-36
47        android:extractNativeLibs="true"
47-->[:unityLibrary] AndroidManifest.xml:33:9-41
48        android:icon="@mipmap/app_icon"
48-->src/main/AndroidManifest.xml:4:49-80
49        android:label="@string/app_name" >
49-->src/main/AndroidManifest.xml:4:16-48
50        <meta-data
50-->[:unityLibrary] AndroidManifest.xml:36:9-38:37
51            android:name="unityplayer.SkipPermissionsDialog"
51-->[:unityLibrary] AndroidManifest.xml:37:13-61
52            android:value="false" />
52-->[:unityLibrary] AndroidManifest.xml:38:13-34
53        <meta-data
53-->[:unityLibrary] AndroidManifest.xml:39:9-41:39
54            android:name="com.samsung.android.vr.application.mode"
54-->[:unityLibrary] AndroidManifest.xml:40:13-67
55            android:value="vr_only" />
55-->[:unityLibrary] AndroidManifest.xml:41:13-36
56        <meta-data
56-->[:unityLibrary] AndroidManifest.xml:42:9-44:37
57            android:name="com.oculus.ossplash.background"
57-->[:unityLibrary] AndroidManifest.xml:43:13-58
58            android:value="black" />
58-->[:unityLibrary] AndroidManifest.xml:44:13-34
59        <meta-data
59-->[:unityLibrary] AndroidManifest.xml:45:9-48:45
60            android:name="com.oculus.supportedDevices"
60-->[:unityLibrary] AndroidManifest.xml:46:13-55
61            android:value="quest|quest2|questpro" />
61-->[:unityLibrary] AndroidManifest.xml:47:13-50
62        <meta-data
62-->[:unityLibrary] AndroidManifest.xml:49:9-51:33
63            android:name="unity.splash-mode"
63-->[:unityLibrary] AndroidManifest.xml:50:13-45
64            android:value="0" />
64-->[:unityLibrary] AndroidManifest.xml:51:13-30
65        <meta-data
65-->[:unityLibrary] AndroidManifest.xml:52:9-54:36
66            android:name="unity.splash-enable"
66-->[:unityLibrary] AndroidManifest.xml:53:13-47
67            android:value="True" />
67-->[:unityLibrary] AndroidManifest.xml:54:13-33
68        <meta-data
68-->[:unityLibrary] AndroidManifest.xml:55:9-57:36
69            android:name="unity.launch-fullscreen"
69-->[:unityLibrary] AndroidManifest.xml:56:13-51
70            android:value="True" />
70-->[:unityLibrary] AndroidManifest.xml:57:13-33
71        <meta-data
71-->[:unityLibrary] AndroidManifest.xml:58:9-60:50
72            android:name="notch.config"
72-->[:unityLibrary] AndroidManifest.xml:59:13-40
73            android:value="portrait|landscape" />
73-->[:unityLibrary] AndroidManifest.xml:60:13-47
74        <meta-data
74-->[:unityLibrary] AndroidManifest.xml:61:9-63:36
75            android:name="unity.auto-report-fully-drawn"
75-->[:unityLibrary] AndroidManifest.xml:62:13-57
76            android:value="true" />
76-->[:unityLibrary] AndroidManifest.xml:63:13-33
77
78        <activity
78-->[:unityLibrary] AndroidManifest.xml:65:9-88:20
79            android:name="com.unity3d.player.UnityPlayerActivity"
79-->[:unityLibrary] AndroidManifest.xml:66:13-66
80            android:configChanges="keyboard|keyboardHidden|navigation|orientation|screenLayout|screenSize|uiMode|density"
80-->[:unityLibrary] AndroidManifest.xml:67:13-122
81            android:excludeFromRecents="true"
81-->[:unityLibrary] AndroidManifest.xml:68:13-46
82            android:exported="true"
82-->[:unityLibrary] AndroidManifest.xml:69:13-36
83            android:hardwareAccelerated="false"
83-->[:unityLibrary] AndroidManifest.xml:70:13-48
84            android:launchMode="singleTask"
84-->[:unityLibrary] AndroidManifest.xml:71:13-44
85            android:resizeableActivity="false"
85-->[:unityLibrary] AndroidManifest.xml:72:13-47
86            android:screenOrientation="landscape"
86-->[:unityLibrary] AndroidManifest.xml:73:13-50
87            android:theme="@android:style/Theme.Black.NoTitleBar.Fullscreen" >
87-->[:unityLibrary] AndroidManifest.xml:74:13-77
88            <intent-filter>
88-->[:unityLibrary] AndroidManifest.xml:75:13-80:29
89                <category android:name="android.intent.category.LAUNCHER" />
89-->[:unityLibrary] AndroidManifest.xml:76:17-77
89-->[:unityLibrary] AndroidManifest.xml:76:27-74
90                <category android:name="com.oculus.intent.category.VR" />
90-->[:unityLibrary] AndroidManifest.xml:77:17-74
90-->[:unityLibrary] AndroidManifest.xml:77:27-71
91
92                <action android:name="android.intent.action.MAIN" />
92-->[:unityLibrary] AndroidManifest.xml:79:17-69
92-->[:unityLibrary] AndroidManifest.xml:79:25-66
93            </intent-filter>
94
95            <meta-data
95-->[:unityLibrary] AndroidManifest.xml:82:13-84:40
96                android:name="com.oculus.vr.focusaware"
96-->[:unityLibrary] AndroidManifest.xml:83:17-56
97                android:value="true" />
97-->[:unityLibrary] AndroidManifest.xml:84:17-37
98            <meta-data
98-->[:unityLibrary] AndroidManifest.xml:85:13-87:40
99                android:name="notch_support"
99-->[:unityLibrary] AndroidManifest.xml:86:17-45
100                android:value="true" />
100-->[:unityLibrary] AndroidManifest.xml:87:17-37
101        </activity>
102
103        <meta-data
103-->[:unityLibrary] AndroidManifest.xml:90:9-92:36
104            android:name="com.unity.xr.oculus.LowOverheadMode"
104-->[:unityLibrary] AndroidManifest.xml:91:13-63
105            android:value="true" />
105-->[:unityLibrary] AndroidManifest.xml:92:13-33
106        <meta-data
106-->[:unityLibrary] AndroidManifest.xml:93:9-95:37
107            android:name="com.unity.xr.oculus.LateLatching"
107-->[:unityLibrary] AndroidManifest.xml:94:13-60
108            android:value="false" />
108-->[:unityLibrary] AndroidManifest.xml:95:13-34
109        <meta-data
109-->[:unityLibrary] AndroidManifest.xml:96:9-98:37
110            android:name="com.unity.xr.oculus.LateLatchingDebug"
110-->[:unityLibrary] AndroidManifest.xml:97:13-65
111            android:value="false" />
111-->[:unityLibrary] AndroidManifest.xml:98:13-34
112    </application>
113
114</manifest>